

============================== 2022-07-08 11:13:35.254425 | 16059625-ba77-4fec-94c1-618df344ec91 ==============================
11:13:35.254449 [info ] [MainThread]: Running with dbt=1.1.1
11:13:35.255184 [debug] [MainThread]: running dbt with arguments {'write_json': True, 'use_colors': True, 'printer_width': 80, 'version_check': True, 'partial_parse': True, 'static_parser': True, 'profiles_dir': '/home/max-lp/.dbt', 'send_anonymous_usage_stats': True, 'event_buffer_size': 100000, 'quiet': False, 'no_print': False, 'project_name': 'dbt_p1', 'skip_profile_setup': False, 'which': 'init', 'indirect_selection': 'eager'}
11:13:35.255472 [debug] [MainThread]: Tracking: tracking
11:13:35.272835 [debug] [MainThread]: Sending event: {'category': 'dbt', 'action': 'invocation', 'label': 'start', 'context': [<snowplow_tracker.self_describing_json.SelfDescribingJson object at 0x7f7224399760>, <snowplow_tracker.self_describing_json.SelfDescribingJson object at 0x7f7224399640>, <snowplow_tracker.self_describing_json.SelfDescribingJson object at 0x7f72243997c0>]}
11:13:35.276595 [debug] [MainThread]: Starter project path: /home/max-lp/Projects/v-envs/dbt-venv/lib/python3.8/site-packages/dbt/include/starter_project
11:44:08.624958 [info ] [MainThread]: Profile dbt_p1 written to /home/max-lp/.dbt/profiles.yml using target's profile_template.yml and your supplied values. Run 'dbt debug' to validate the connection.
11:44:08.658045 [info ] [MainThread]: 
Your new dbt project "dbt_p1" was created!

For more information on how to configure the profiles.yml file,
please consult the dbt documentation here:

  https://docs.getdbt.com/docs/configure-your-profile

One more thing:

Need help? Don't hesitate to reach out to us via GitHub issues or on Slack:

  https://community.getdbt.com/

Happy modeling!

11:44:08.658775 [debug] [MainThread]: Sending event: {'category': 'dbt', 'action': 'invocation', 'label': 'end', 'context': [<snowplow_tracker.self_describing_json.SelfDescribingJson object at 0x7f7227622130>, <snowplow_tracker.self_describing_json.SelfDescribingJson object at 0x7f7224401e20>, <snowplow_tracker.self_describing_json.SelfDescribingJson object at 0x7f7224401bb0>]}


============================== 2022-07-08 11:44:33.887728 | e9fba4a9-54e2-4b6d-aef1-6f463302456a ==============================
11:44:33.887756 [info ] [MainThread]: Running with dbt=1.1.1
11:44:33.888588 [debug] [MainThread]: running dbt with arguments {'write_json': True, 'use_colors': True, 'printer_width': 80, 'version_check': True, 'partial_parse': True, 'static_parser': True, 'profiles_dir': '/home/max-lp/.dbt', 'send_anonymous_usage_stats': True, 'event_buffer_size': 100000, 'quiet': False, 'no_print': False, 'config_dir': False, 'which': 'debug', 'indirect_selection': 'eager'}
11:44:33.888927 [debug] [MainThread]: Tracking: tracking
11:44:33.935674 [debug] [MainThread]: Sending event: {'category': 'dbt', 'action': 'invocation', 'label': 'start', 'context': [<snowplow_tracker.self_describing_json.SelfDescribingJson object at 0x7f63b7133dc0>, <snowplow_tracker.self_describing_json.SelfDescribingJson object at 0x7f63b7133be0>, <snowplow_tracker.self_describing_json.SelfDescribingJson object at 0x7f63b7133c10>]}
11:44:35.642690 [debug] [MainThread]: Executing "git --help"
11:44:35.796977 [debug] [MainThread]: STDOUT: "b"usage: git [--version] [--help] [-C <path>] [-c <name>=<value>]\n           [--exec-path[=<path>]] [--html-path] [--man-path] [--info-path]\n           [-p | --paginate | -P | --no-pager] [--no-replace-objects] [--bare]\n           [--git-dir=<path>] [--work-tree=<path>] [--namespace=<name>]\n           <command> [<args>]\n\nThese are common Git commands used in various situations:\n\nstart a working area (see also: git help tutorial)\n   clone             Clone a repository into a new directory\n   init              Create an empty Git repository or reinitialize an existing one\n\nwork on the current change (see also: git help everyday)\n   add               Add file contents to the index\n   mv                Move or rename a file, a directory, or a symlink\n   restore           Restore working tree files\n   rm                Remove files from the working tree and from the index\n   sparse-checkout   Initialize and modify the sparse-checkout\n\nexamine the history and state (see also: git help revisions)\n   bisect            Use binary search to find the commit that introduced a bug\n   diff              Show changes between commits, commit and working tree, etc\n   grep              Print lines matching a pattern\n   log               Show commit logs\n   show              Show various types of objects\n   status            Show the working tree status\n\ngrow, mark and tweak your common history\n   branch            List, create, or delete branches\n   commit            Record changes to the repository\n   merge             Join two or more development histories together\n   rebase            Reapply commits on top of another base tip\n   reset             Reset current HEAD to the specified state\n   switch            Switch branches\n   tag               Create, list, delete or verify a tag object signed with GPG\n\ncollaborate (see also: git help workflows)\n   fetch             Download objects and refs from another repository\n   pull              Fetch from and integrate with another repository or a local branch\n   push              Update remote refs along with associated objects\n\n'git help -a' and 'git help -g' list available subcommands and some\nconcept guides. See 'git help <command>' or 'git help <concept>'\nto read about a specific subcommand or concept.\nSee 'git help git' for an overview of the system.\n""
11:44:35.797935 [debug] [MainThread]: STDERR: "b''"
11:44:35.799100 [debug] [MainThread]: Sending event: {'category': 'dbt', 'action': 'invocation', 'label': 'end', 'context': [<snowplow_tracker.self_describing_json.SelfDescribingJson object at 0x7f63b7133be0>, <snowplow_tracker.self_describing_json.SelfDescribingJson object at 0x7f63afda6f70>, <snowplow_tracker.self_describing_json.SelfDescribingJson object at 0x7f63afda6e50>]}
